<?xml version="1.0" encoding="UTF-8"?>
<robot generator="Robot 5.0.1 (Python 3.10.5 on win32)" generated="20220901 01:28:18.780" rpa="false" schemaversion="3">
<suite id="s1" name="multipleProducts" source="D:\autotesting\projectEcommerce\testcases\products\multipleProducts.robot">
<kw name="Open Browser" library="SeleniumLibrary" type="SETUP">
<arg>${url}</arg>
<arg>${browser}</arg>
<doc>Opens a new browser instance to the optional ``url``.</doc>
<msg timestamp="20220901 01:28:19.155" level="INFO">Opening browser 'firefox' to base url 'https://www.saucedemo.com/'.</msg>
<msg timestamp="20220901 01:28:19.156" level="INFO">Firefox driver log is always forced to to: D:\autotesting\projectEcommerce\testcases\products\geckodriver-5.log</msg>
<status status="PASS" starttime="20220901 01:28:19.154" endtime="20220901 01:28:33.515"/>
</kw>
<test id="s1-t1" name="Verify valid user login" line="19">
<kw name="Enter User Name" library="loginKeywords">
<arg>${user}</arg>
<kw name="Wait Until Element Is Visible" library="SeleniumLibrary">
<arg>//div[@class="login_logo"]</arg>
<doc>Waits until the element ``locator`` is visible.</doc>
<status status="PASS" starttime="20220901 01:28:33.517" endtime="20220901 01:28:33.559"/>
</kw>
<kw name="Input Text" library="SeleniumLibrary">
<arg>//input[@class="input_error form_input"]</arg>
<arg>${user}</arg>
<doc>Types the given ``text`` into the text field identified by ``locator``.</doc>
<msg timestamp="20220901 01:28:33.560" level="INFO">Typing text 'standard_user' into text field '//input[@class="input_error form_input"]'.</msg>
<status status="PASS" starttime="20220901 01:28:33.559" endtime="20220901 01:28:33.633"/>
</kw>
<status status="PASS" starttime="20220901 01:28:33.517" endtime="20220901 01:28:33.633"/>
</kw>
<kw name="Enter valid password" library="loginKeywords">
<arg>${pwd}</arg>
<kw name="Input Text" library="SeleniumLibrary">
<arg>//input[@id="password"]</arg>
<arg>${pwd}</arg>
<doc>Types the given ``text`` into the text field identified by ``locator``.</doc>
<msg timestamp="20220901 01:28:33.635" level="INFO">Typing text 'secret_sauce' into text field '//input[@id="password"]'.</msg>
<status status="PASS" starttime="20220901 01:28:33.635" endtime="20220901 01:28:33.714"/>
</kw>
<status status="PASS" starttime="20220901 01:28:33.634" endtime="20220901 01:28:33.714"/>
</kw>
<kw name="Click button login" library="loginKeywords">
<kw name="Click Element" library="SeleniumLibrary">
<arg>//input[@id="login-button"]</arg>
<doc>Click the element identified by ``locator``.</doc>
<msg timestamp="20220901 01:28:33.715" level="INFO">Clicking element '//input[@id="login-button"]'.</msg>
<status status="PASS" starttime="20220901 01:28:33.715" endtime="20220901 01:28:34.048"/>
</kw>
<status status="PASS" starttime="20220901 01:28:33.715" endtime="20220901 01:28:34.049"/>
</kw>
<kw name="Verify products page is shown" library="orderKeywords">
<kw name="Element Should Be Visible" library="SeleniumLibrary">
<arg>//div[@class="inventory_item"][1]</arg>
<doc>Verifies that the element identified by ``locator`` is visible.</doc>
<msg timestamp="20220901 01:28:34.072" level="INFO">Element '//div[@class="inventory_item"][1]' is displayed.</msg>
<status status="PASS" starttime="20220901 01:28:34.050" endtime="20220901 01:28:34.072"/>
</kw>
<status status="PASS" starttime="20220901 01:28:34.050" endtime="20220901 01:28:34.072"/>
</kw>
<doc>Login with valid username and password</doc>
<tag>Login</tag>
<status status="PASS" starttime="20220901 01:28:33.515" endtime="20220901 01:28:34.074"/>
</test>
<test id="s1-t2" name="Verify that user should be able to ofilter Product" line="27">
<kw name="Verify filter product" library="MultipleKeywords">
<kw name="Element Should Be Visible" library="SeleniumLibrary">
<arg>//select[@class="product_sort_container"]</arg>
<doc>Verifies that the element identified by ``locator`` is visible.</doc>
<msg timestamp="20220901 01:28:34.097" level="INFO">Element '//select[@class="product_sort_container"]' is displayed.</msg>
<status status="PASS" starttime="20220901 01:28:34.079" endtime="20220901 01:28:34.097"/>
</kw>
<kw name="Select From List By Index" library="SeleniumLibrary">
<arg>//select[@class="product_sort_container"]</arg>
<arg>1</arg>
<doc>Selects options from selection list ``locator`` by ``indexes``.</doc>
<msg timestamp="20220901 01:28:34.098" level="INFO">Selecting options from selection list '//select[@class="product_sort_container"]' by index 1.</msg>
<status status="PASS" starttime="20220901 01:28:34.098" endtime="20220901 01:28:34.386"/>
</kw>
<kw name="List Selection Should Be" library="SeleniumLibrary">
<arg>//select[@class="product_sort_container"]</arg>
<arg>Name (Z to A)</arg>
<doc>Verifies selection list ``locator`` has ``expected`` options selected.</doc>
<msg timestamp="20220901 01:28:34.387" level="INFO">Verifying list '//select[@class="product_sort_container"]' has option [ Name (Z to A) ] selected.</msg>
<msg timestamp="20220901 01:28:34.394" level="INFO">Current page contains list '//select[@class="product_sort_container"]'.</msg>
<status status="PASS" starttime="20220901 01:28:34.387" endtime="20220901 01:28:34.459"/>
</kw>
<kw name="Sleep" library="BuiltIn">
<arg>5s</arg>
<doc>Pauses the test executed for the given time.</doc>
<msg timestamp="20220901 01:28:39.461" level="INFO">Slept 5 seconds</msg>
<status status="PASS" starttime="20220901 01:28:34.459" endtime="20220901 01:28:39.461"/>
</kw>
<status status="PASS" starttime="20220901 01:28:34.078" endtime="20220901 01:28:39.461"/>
</kw>
<doc>verify filter Product Name (Z to A)</doc>
<tag>filterProduct</tag>
<status status="PASS" starttime="20220901 01:28:34.077" endtime="20220901 01:28:39.462"/>
</test>
<test id="s1-t3" name="Verify that user should be able to order multiple proucts" line="33">
<kw name="Select Add to Cart button for the First Product" library="MultipleKeywords">
<kw name="Click Element" library="SeleniumLibrary">
<arg>//button[@id="add-to-cart-sauce-labs-onesie"]</arg>
<doc>Click the element identified by ``locator``.</doc>
<msg timestamp="20220901 01:28:39.464" level="INFO">Clicking element '//button[@id="add-to-cart-sauce-labs-onesie"]'.</msg>
<status status="PASS" starttime="20220901 01:28:39.464" endtime="20220901 01:28:39.693"/>
</kw>
<kw name="Element Should Contain" library="SeleniumLibrary">
<arg>//span[@class="shopping_cart_badge"]</arg>
<arg>1</arg>
<doc>Verifies that element ``locator`` contains text ``expected``.</doc>
<msg timestamp="20220901 01:28:39.703" level="INFO">Element '//span[@class="shopping_cart_badge"]' contains text '1'.</msg>
<status status="PASS" starttime="20220901 01:28:39.693" endtime="20220901 01:28:39.703"/>
</kw>
<status status="PASS" starttime="20220901 01:28:39.464" endtime="20220901 01:28:39.703"/>
</kw>
<kw name="Select Add to Cart button for the Second Product" library="MultipleKeywords">
<kw name="Click Element" library="SeleniumLibrary">
<arg>//button[@id="add-to-cart-sauce-labs-bolt-t-shirt"]</arg>
<doc>Click the element identified by ``locator``.</doc>
<msg timestamp="20220901 01:28:39.709" level="INFO">Clicking element '//button[@id="add-to-cart-sauce-labs-bolt-t-shirt"]'.</msg>
<status status="PASS" starttime="20220901 01:28:39.708" endtime="20220901 01:28:39.934"/>
</kw>
<kw name="Element Should Contain" library="SeleniumLibrary">
<arg>//span[@class="shopping_cart_badge"]</arg>
<arg>2</arg>
<doc>Verifies that element ``locator`` contains text ``expected``.</doc>
<msg timestamp="20220901 01:28:39.947" level="INFO">Element '//span[@class="shopping_cart_badge"]' contains text '2'.</msg>
<status status="PASS" starttime="20220901 01:28:39.934" endtime="20220901 01:28:39.947"/>
</kw>
<status status="PASS" starttime="20220901 01:28:39.708" endtime="20220901 01:28:39.947"/>
</kw>
<kw name="Select Add to Cart button for the third Product" library="MultipleKeywords">
<kw name="Click Element" library="SeleniumLibrary">
<arg>//button[@id="add-to-cart-sauce-labs-backpack"]</arg>
<doc>Click the element identified by ``locator``.</doc>
<msg timestamp="20220901 01:28:39.949" level="INFO">Clicking element '//button[@id="add-to-cart-sauce-labs-backpack"]'.</msg>
<status status="PASS" starttime="20220901 01:28:39.949" endtime="20220901 01:28:40.175"/>
</kw>
<kw name="Element Should Contain" library="SeleniumLibrary">
<arg>//span[@class="shopping_cart_badge"]</arg>
<arg>3</arg>
<doc>Verifies that element ``locator`` contains text ``expected``.</doc>
<msg timestamp="20220901 01:28:40.187" level="INFO">Element '//span[@class="shopping_cart_badge"]' contains text '3'.</msg>
<status status="PASS" starttime="20220901 01:28:40.175" endtime="20220901 01:28:40.187"/>
</kw>
<status status="PASS" starttime="20220901 01:28:39.948" endtime="20220901 01:28:40.187"/>
</kw>
<doc>Order Multiple Product in product page</doc>
<tag>OrderMultipleProduct</tag>
<status status="PASS" starttime="20220901 01:28:39.463" endtime="20220901 01:28:40.188"/>
</test>
<test id="s1-t4" name="Verify that user should be able to remove order products" line="41">
<kw name="Click icon cart" library="orderKeywords">
<kw name="Click Element" library="SeleniumLibrary">
<arg>//div[@id="shopping_cart_container"]</arg>
<doc>Click the element identified by ``locator``.</doc>
<msg timestamp="20220901 01:28:40.190" level="INFO">Clicking element '//div[@id="shopping_cart_container"]'.</msg>
<status status="PASS" starttime="20220901 01:28:40.190" endtime="20220901 01:28:40.434"/>
</kw>
<kw name="Element Should Contain" library="SeleniumLibrary">
<arg>//span[@class="title"]</arg>
<arg>YOUR CART</arg>
<doc>Verifies that element ``locator`` contains text ``expected``.</doc>
<msg timestamp="20220901 01:28:40.444" level="INFO">Element '//span[@class="title"]' contains text 'YOUR CART'.</msg>
<status status="PASS" starttime="20220901 01:28:40.434" endtime="20220901 01:28:40.444"/>
</kw>
<status status="PASS" starttime="20220901 01:28:40.190" endtime="20220901 01:28:40.445"/>
</kw>
<kw name="Verify to remove 1 product from cart" library="MultipleKeywords">
<kw name="Click Element" library="SeleniumLibrary">
<arg>//button[@id="remove-sauce-labs-backpack"]</arg>
<doc>Click the element identified by ``locator``.</doc>
<msg timestamp="20220901 01:28:40.446" level="INFO">Clicking element '//button[@id="remove-sauce-labs-backpack"]'.</msg>
<status status="PASS" starttime="20220901 01:28:40.446" endtime="20220901 01:28:40.667"/>
</kw>
<kw name="Element Should Contain" library="SeleniumLibrary">
<arg>//span[@class="shopping_cart_badge"]</arg>
<arg>2</arg>
<doc>Verifies that element ``locator`` contains text ``expected``.</doc>
<msg timestamp="20220901 01:28:40.680" level="INFO">Element '//span[@class="shopping_cart_badge"]' contains text '2'.</msg>
<status status="PASS" starttime="20220901 01:28:40.667" endtime="20220901 01:28:40.680"/>
</kw>
<status status="PASS" starttime="20220901 01:28:40.445" endtime="20220901 01:28:40.680"/>
</kw>
<doc>Remove 1 order product in product page</doc>
<tag>RemoveOrderProduct</tag>
<status status="PASS" starttime="20220901 01:28:40.189" endtime="20220901 01:28:40.681"/>
</test>
<test id="s1-t5" name="Verify user should be able to click button continue shopping" line="48">
<kw name="Verify button continue shopping" library="MultipleKeywords">
<kw name="Click Element" library="SeleniumLibrary">
<arg>//button[@id="continue-shopping"]</arg>
<doc>Click the element identified by ``locator``.</doc>
<msg timestamp="20220901 01:28:40.684" level="INFO">Clicking element '//button[@id="continue-shopping"]'.</msg>
<status status="PASS" starttime="20220901 01:28:40.684" endtime="20220901 01:28:40.968"/>
</kw>
<kw name="List Selection Should Be" library="SeleniumLibrary">
<arg>//select[@class="product_sort_container"]</arg>
<arg>Name (A to Z)</arg>
<doc>Verifies selection list ``locator`` has ``expected`` options selected.</doc>
<msg timestamp="20220901 01:28:40.968" level="INFO">Verifying list '//select[@class="product_sort_container"]' has option [ Name (A to Z) ] selected.</msg>
<msg timestamp="20220901 01:28:40.976" level="INFO">Current page contains list '//select[@class="product_sort_container"]'.</msg>
<status status="PASS" starttime="20220901 01:28:40.968" endtime="20220901 01:28:41.034"/>
</kw>
<kw name="Click Element" library="SeleniumLibrary">
<arg>//button[@id="add-to-cart-sauce-labs-bike-light"]</arg>
<doc>Click the element identified by ``locator``.</doc>
<msg timestamp="20220901 01:28:41.035" level="INFO">Clicking element '//button[@id="add-to-cart-sauce-labs-bike-light"]'.</msg>
<status status="PASS" starttime="20220901 01:28:41.034" endtime="20220901 01:28:41.259"/>
</kw>
<kw name="Element Should Contain" library="SeleniumLibrary">
<arg>//span[@class="shopping_cart_badge"]</arg>
<arg>3</arg>
<doc>Verifies that element ``locator`` contains text ``expected``.</doc>
<msg timestamp="20220901 01:28:41.270" level="INFO">Element '//span[@class="shopping_cart_badge"]' contains text '3'.</msg>
<status status="PASS" starttime="20220901 01:28:41.260" endtime="20220901 01:28:41.270"/>
</kw>
<status status="PASS" starttime="20220901 01:28:40.683" endtime="20220901 01:28:41.271"/>
</kw>
<doc>Click button continue shopping and add 1 more product</doc>
<tag>ContinueShopping</tag>
<status status="PASS" starttime="20220901 01:28:40.682" endtime="20220901 01:28:41.271"/>
</test>
<test id="s1-t6" name="Verify that user should be able to continue checkout multiple product" line="54">
<kw name="Click icon cart" library="orderKeywords">
<kw name="Click Element" library="SeleniumLibrary">
<arg>//div[@id="shopping_cart_container"]</arg>
<doc>Click the element identified by ``locator``.</doc>
<msg timestamp="20220901 01:28:41.274" level="INFO">Clicking element '//div[@id="shopping_cart_container"]'.</msg>
<status status="PASS" starttime="20220901 01:28:41.274" endtime="20220901 01:28:41.509"/>
</kw>
<kw name="Element Should Contain" library="SeleniumLibrary">
<arg>//span[@class="title"]</arg>
<arg>YOUR CART</arg>
<doc>Verifies that element ``locator`` contains text ``expected``.</doc>
<msg timestamp="20220901 01:28:41.518" level="INFO">Element '//span[@class="title"]' contains text 'YOUR CART'.</msg>
<status status="PASS" starttime="20220901 01:28:41.509" endtime="20220901 01:28:41.518"/>
</kw>
<status status="PASS" starttime="20220901 01:28:41.273" endtime="20220901 01:28:41.518"/>
</kw>
<kw name="Click Button Checkout" library="orderKeywords">
<kw name="Click Element" library="SeleniumLibrary">
<arg>//button[@id="checkout"]</arg>
<doc>Click the element identified by ``locator``.</doc>
<msg timestamp="20220901 01:28:41.520" level="INFO">Clicking element '//button[@id="checkout"]'.</msg>
<status status="PASS" starttime="20220901 01:28:41.519" endtime="20220901 01:28:41.762"/>
</kw>
<status status="PASS" starttime="20220901 01:28:41.519" endtime="20220901 01:28:41.762"/>
</kw>
<kw name="Verify input data fist name" library="orderKeywords">
<arg>${fname}</arg>
<kw name="Input Text" library="SeleniumLibrary">
<arg>//input[@id="first-name"]</arg>
<arg>${fname}</arg>
<doc>Types the given ``text`` into the text field identified by ``locator``.</doc>
<msg timestamp="20220901 01:28:41.764" level="INFO">Typing text 'Natan' into text field '//input[@id="first-name"]'.</msg>
<status status="PASS" starttime="20220901 01:28:41.763" endtime="20220901 01:28:41.823"/>
</kw>
<status status="PASS" starttime="20220901 01:28:41.763" endtime="20220901 01:28:41.824"/>
</kw>
<kw name="Verify input data Last name" library="orderKeywords">
<arg>${lname}</arg>
<kw name="Input Text" library="SeleniumLibrary">
<arg>//input[@id="last-name"]</arg>
<arg>${lname}</arg>
<doc>Types the given ``text`` into the text field identified by ``locator``.</doc>
<msg timestamp="20220901 01:28:41.827" level="INFO">Typing text 'sampe' into text field '//input[@id="last-name"]'.</msg>
<status status="PASS" starttime="20220901 01:28:41.826" endtime="20220901 01:28:41.890"/>
</kw>
<status status="PASS" starttime="20220901 01:28:41.825" endtime="20220901 01:28:41.890"/>
</kw>
<kw name="Verify input data postal code" library="orderKeywords">
<arg>${postal}</arg>
<kw name="Input Text" library="SeleniumLibrary">
<arg>//input[@id="postal-code"]</arg>
<arg>${postal}</arg>
<doc>Types the given ``text`` into the text field identified by ``locator``.</doc>
<msg timestamp="20220901 01:28:41.893" level="INFO">Typing text '235568' into text field '//input[@id="postal-code"]'.</msg>
<status status="PASS" starttime="20220901 01:28:41.892" endtime="20220901 01:28:41.959"/>
</kw>
<status status="PASS" starttime="20220901 01:28:41.891" endtime="20220901 01:28:41.959"/>
</kw>
<kw name="Click button Continue" library="orderKeywords">
<kw name="Click Element" library="SeleniumLibrary">
<arg>//input[@id="continue"]</arg>
<doc>Click the element identified by ``locator``.</doc>
<msg timestamp="20220901 01:28:41.961" level="INFO">Clicking element '//input[@id="continue"]'.</msg>
<status status="PASS" starttime="20220901 01:28:41.961" endtime="20220901 01:28:42.199"/>
</kw>
<status status="PASS" starttime="20220901 01:28:41.960" endtime="20220901 01:28:42.199"/>
</kw>
<kw name="Click Button Finish" library="orderKeywords">
<kw name="Click Element" library="SeleniumLibrary">
<arg>//button[@id="finish"]</arg>
<doc>Click the element identified by ``locator``.</doc>
<msg timestamp="20220901 01:28:42.201" level="INFO">Clicking element '//button[@id="finish"]'.</msg>
<status status="PASS" starttime="20220901 01:28:42.200" endtime="20220901 01:28:42.433"/>
</kw>
<status status="PASS" starttime="20220901 01:28:42.200" endtime="20220901 01:28:42.433"/>
</kw>
<kw name="Verify that product should be successfully order" library="orderKeywords">
<kw name="Element Should Contain" library="SeleniumLibrary">
<arg>//h2[@class="complete-header"]</arg>
<arg>THANK YOU</arg>
<doc>Verifies that element ``locator`` contains text ``expected``.</doc>
<msg timestamp="20220901 01:28:42.443" level="INFO">Element '//h2[@class="complete-header"]' contains text 'THANK YOU'.</msg>
<status status="PASS" starttime="20220901 01:28:42.434" endtime="20220901 01:28:42.443"/>
</kw>
<kw name="Click Element" library="SeleniumLibrary">
<arg>//button[@id="back-to-products"]</arg>
<doc>Click the element identified by ``locator``.</doc>
<msg timestamp="20220901 01:28:42.444" level="INFO">Clicking element '//button[@id="back-to-products"]'.</msg>
<status status="PASS" starttime="20220901 01:28:42.443" endtime="20220901 01:28:42.696"/>
</kw>
<status status="PASS" starttime="20220901 01:28:42.434" endtime="20220901 01:28:42.697"/>
</kw>
<doc>Order multiple product and continue checkout</doc>
<tag>checkoutOrderProduct</tag>
<status status="PASS" starttime="20220901 01:28:41.272" endtime="20220901 01:28:42.697"/>
</test>
<kw name="Close Browser" library="SeleniumLibrary" type="TEARDOWN">
<doc>Closes the current browser.</doc>
<status status="PASS" starttime="20220901 01:28:42.699" endtime="20220901 01:28:44.739"/>
</kw>
<status status="PASS" starttime="20220901 01:28:18.782" endtime="20220901 01:28:44.739"/>
</suite>
<statistics>
<total>
<stat pass="6" fail="0" skip="0">All Tests</stat>
</total>
<tag>
<stat pass="1" fail="0" skip="0">checkoutOrderProduct</stat>
<stat pass="1" fail="0" skip="0">ContinueShopping</stat>
<stat pass="1" fail="0" skip="0">filterProduct</stat>
<stat pass="1" fail="0" skip="0">Login</stat>
<stat pass="1" fail="0" skip="0">OrderMultipleProduct</stat>
<stat pass="1" fail="0" skip="0">RemoveOrderProduct</stat>
</tag>
<suite>
<stat pass="6" fail="0" skip="0" id="s1" name="multipleProducts">multipleProducts</stat>
</suite>
</statistics>
<errors>
</errors>
</robot>
